Start testing: Sep 21 02:56 JST
----------------------------------------------------------
1/3 Testing: unit
1/3 Test: unit
Command: "/Users/hiro/Projetct/GitHub/agens/build/unit_tests"
Directory: /Users/hiro/Projetct/GitHub/agens/build
"unit" start time: Sep 21 02:56 JST
Output:
----------------------------------------------------------
All tests passed
<end of output>
Test time =   0.39 sec
----------------------------------------------------------
Test Passed.
"unit" end time: Sep 21 02:56 JST
"unit" time elapsed: 00:00:00
----------------------------------------------------------

2/3 Testing: cli_help
2/3 Test: cli_help
Command: "/Users/hiro/Projetct/GitHub/agens/build/agens" "--help"
Directory: /Users/hiro/Projetct/GitHub/agens/build
"cli_help" start time: Sep 21 02:56 JST
Output:
----------------------------------------------------------
使い方: agens [-b backend] [-m model] [-p prompt]
  backend: ollama|lmstudio
<end of output>
Test time =   0.33 sec
----------------------------------------------------------
Test Passed.
"cli_help" end time: Sep 21 02:56 JST
"cli_help" time elapsed: 00:00:00
----------------------------------------------------------

3/3 Testing: integration
3/3 Test: integration
Command: "/bin/bash" "/Users/hiro/Projetct/GitHub/agens/tests/integration.sh" "/Users/hiro/Projetct/GitHub/agens/build/agens"
Directory: /Users/hiro/Projetct/GitHub/agens/build
"integration" start time: Sep 21 02:56 JST
Output:
----------------------------------------------------------
[OK] help (en)
[OK] help (ja)
[OK] unified memory label (en)
[OK] api missing (en)
[OK] curl stderr suppressed
[OK] invalid ratio clamped
Integration OK
<end of output>
Test time =   0.81 sec
----------------------------------------------------------
Test Passed.
"integration" end time: Sep 21 02:56 JST
"integration" time elapsed: 00:00:00
----------------------------------------------------------

End testing: Sep 21 02:56 JST
